/usr/lib/python3/dist-packages/setuptools/dist.py:723: UserWarning: Usage of dash-separated 'script-dir' will not be supported in future versions. Please use the underscore name 'script_dir' instead
  warnings.warn(
running egg_info
creating ../build/speech_service/speech_service.egg-info
writing ../build/speech_service/speech_service.egg-info/PKG-INFO
writing dependency_links to ../build/speech_service/speech_service.egg-info/dependency_links.txt
writing entry points to ../build/speech_service/speech_service.egg-info/entry_points.txt
writing requirements to ../build/speech_service/speech_service.egg-info/requires.txt
writing top-level names to ../build/speech_service/speech_service.egg-info/top_level.txt
writing manifest file '../build/speech_service/speech_service.egg-info/SOURCES.txt'
reading manifest file '../build/speech_service/speech_service.egg-info/SOURCES.txt'
adding license file 'LICENSE'
writing manifest file '../build/speech_service/speech_service.egg-info/SOURCES.txt'
running build
running build_py
creating /home/ubuntu/airobot_ws/src/ai-robot-chapter3-humble/build/speech_service/build
creating /home/ubuntu/airobot_ws/src/ai-robot-chapter3-humble/build/speech_service/build/lib
creating /home/ubuntu/airobot_ws/src/ai-robot-chapter3-humble/build/speech_service/build/lib/speech_service
copying speech_service/__init__.py -> /home/ubuntu/airobot_ws/src/ai-robot-chapter3-humble/build/speech_service/build/lib/speech_service
copying speech_service/speech_service.py -> /home/ubuntu/airobot_ws/src/ai-robot-chapter3-humble/build/speech_service/build/lib/speech_service
copying speech_service/synthesis.py -> /home/ubuntu/airobot_ws/src/ai-robot-chapter3-humble/build/speech_service/build/lib/speech_service
copying speech_service/speech_service_mpg123.py -> /home/ubuntu/airobot_ws/src/ai-robot-chapter3-humble/build/speech_service/build/lib/speech_service
copying speech_service/recognition.py -> /home/ubuntu/airobot_ws/src/ai-robot-chapter3-humble/build/speech_service/build/lib/speech_service
copying speech_service/synthesis_mpg123.py -> /home/ubuntu/airobot_ws/src/ai-robot-chapter3-humble/build/speech_service/build/lib/speech_service
running install
running install_lib
creating /home/ubuntu/airobot_ws/src/ai-robot-chapter3-humble/install/speech_service/lib/python3.10/site-packages/speech_service
copying /home/ubuntu/airobot_ws/src/ai-robot-chapter3-humble/build/speech_service/build/lib/speech_service/__init__.py -> /home/ubuntu/airobot_ws/src/ai-robot-chapter3-humble/install/speech_service/lib/python3.10/site-packages/speech_service
copying /home/ubuntu/airobot_ws/src/ai-robot-chapter3-humble/build/speech_service/build/lib/speech_service/speech_service.py -> /home/ubuntu/airobot_ws/src/ai-robot-chapter3-humble/install/speech_service/lib/python3.10/site-packages/speech_service
copying /home/ubuntu/airobot_ws/src/ai-robot-chapter3-humble/build/speech_service/build/lib/speech_service/synthesis.py -> /home/ubuntu/airobot_ws/src/ai-robot-chapter3-humble/install/speech_service/lib/python3.10/site-packages/speech_service
copying /home/ubuntu/airobot_ws/src/ai-robot-chapter3-humble/build/speech_service/build/lib/speech_service/speech_service_mpg123.py -> /home/ubuntu/airobot_ws/src/ai-robot-chapter3-humble/install/speech_service/lib/python3.10/site-packages/speech_service
copying /home/ubuntu/airobot_ws/src/ai-robot-chapter3-humble/build/speech_service/build/lib/speech_service/recognition.py -> /home/ubuntu/airobot_ws/src/ai-robot-chapter3-humble/install/speech_service/lib/python3.10/site-packages/speech_service
copying /home/ubuntu/airobot_ws/src/ai-robot-chapter3-humble/build/speech_service/build/lib/speech_service/synthesis_mpg123.py -> /home/ubuntu/airobot_ws/src/ai-robot-chapter3-humble/install/speech_service/lib/python3.10/site-packages/speech_service
byte-compiling /home/ubuntu/airobot_ws/src/ai-robot-chapter3-humble/install/speech_service/lib/python3.10/site-packages/speech_service/__init__.py to __init__.cpython-310.pyc
byte-compiling /home/ubuntu/airobot_ws/src/ai-robot-chapter3-humble/install/speech_service/lib/python3.10/site-packages/speech_service/speech_service.py to speech_service.cpython-310.pyc
byte-compiling /home/ubuntu/airobot_ws/src/ai-robot-chapter3-humble/install/speech_service/lib/python3.10/site-packages/speech_service/synthesis.py to synthesis.cpython-310.pyc
byte-compiling /home/ubuntu/airobot_ws/src/ai-robot-chapter3-humble/install/speech_service/lib/python3.10/site-packages/speech_service/speech_service_mpg123.py to speech_service_mpg123.cpython-310.pyc
byte-compiling /home/ubuntu/airobot_ws/src/ai-robot-chapter3-humble/install/speech_service/lib/python3.10/site-packages/speech_service/recognition.py to recognition.cpython-310.pyc
byte-compiling /home/ubuntu/airobot_ws/src/ai-robot-chapter3-humble/install/speech_service/lib/python3.10/site-packages/speech_service/synthesis_mpg123.py to synthesis_mpg123.cpython-310.pyc
running install_data
creating /home/ubuntu/airobot_ws/src/ai-robot-chapter3-humble/install/speech_service/share/ament_index
creating /home/ubuntu/airobot_ws/src/ai-robot-chapter3-humble/install/speech_service/share/ament_index/resource_index
creating /home/ubuntu/airobot_ws/src/ai-robot-chapter3-humble/install/speech_service/share/ament_index/resource_index/packages
copying resource/speech_service -> /home/ubuntu/airobot_ws/src/ai-robot-chapter3-humble/install/speech_service/share/ament_index/resource_index/packages
copying package.xml -> /home/ubuntu/airobot_ws/src/ai-robot-chapter3-humble/install/speech_service/share/speech_service
running install_egg_info
Copying ../build/speech_service/speech_service.egg-info to /home/ubuntu/airobot_ws/src/ai-robot-chapter3-humble/install/speech_service/lib/python3.10/site-packages/speech_service-0.0.0-py3.10.egg-info
running install_scripts
Installing recognition script to /home/ubuntu/airobot_ws/src/ai-robot-chapter3-humble/install/speech_service/lib/speech_service
Installing speech_service script to /home/ubuntu/airobot_ws/src/ai-robot-chapter3-humble/install/speech_service/lib/speech_service
Installing speech_service_mpg123 script to /home/ubuntu/airobot_ws/src/ai-robot-chapter3-humble/install/speech_service/lib/speech_service
Installing synthesis script to /home/ubuntu/airobot_ws/src/ai-robot-chapter3-humble/install/speech_service/lib/speech_service
Installing synthesis_mpg123 script to /home/ubuntu/airobot_ws/src/ai-robot-chapter3-humble/install/speech_service/lib/speech_service
writing list of installed files to '/home/ubuntu/airobot_ws/src/ai-robot-chapter3-humble/build/speech_service/install.log'
