[0.258s] Invoking command in '/home/ubuntu/airobot_ws/src/ai-robot-chapter3-humble/speech_service': PYTHONPATH=/home/ubuntu/airobot_ws/src/ai-robot-chapter3-humble/build/speech_service/prefix_override:/home/ubuntu/airobot_ws/src/ai-robot-chapter3-humble/install/speech_service/lib/python3.10/site-packages:${PYTHONPATH} /usr/bin/python3 -W ignore:setup.py install is deprecated setup.py egg_info --egg-base ../build/speech_service build --build-base /home/ubuntu/airobot_ws/src/ai-robot-chapter3-humble/build/speech_service/build install --record /home/ubuntu/airobot_ws/src/ai-robot-chapter3-humble/build/speech_service/install.log --install-scripts $base/lib/speech_service --single-version-externally-managed install_data
[0.359s] /usr/lib/python3/dist-packages/setuptools/dist.py:723: UserWarning: Usage of dash-separated 'script-dir' will not be supported in future versions. Please use the underscore name 'script_dir' instead
[0.359s]   warnings.warn(
[0.362s] running egg_info
[0.363s] creating ../build/speech_service/speech_service.egg-info
[0.363s] writing ../build/speech_service/speech_service.egg-info/PKG-INFO
[0.363s] writing dependency_links to ../build/speech_service/speech_service.egg-info/dependency_links.txt
[0.363s] writing entry points to ../build/speech_service/speech_service.egg-info/entry_points.txt
[0.363s] writing requirements to ../build/speech_service/speech_service.egg-info/requires.txt
[0.363s] writing top-level names to ../build/speech_service/speech_service.egg-info/top_level.txt
[0.363s] writing manifest file '../build/speech_service/speech_service.egg-info/SOURCES.txt'
[0.364s] reading manifest file '../build/speech_service/speech_service.egg-info/SOURCES.txt'
[0.364s] adding license file 'LICENSE'
[0.364s] writing manifest file '../build/speech_service/speech_service.egg-info/SOURCES.txt'
[0.364s] running build
[0.364s] running build_py
[0.364s] creating /home/ubuntu/airobot_ws/src/ai-robot-chapter3-humble/build/speech_service/build
[0.364s] creating /home/ubuntu/airobot_ws/src/ai-robot-chapter3-humble/build/speech_service/build/lib
[0.364s] creating /home/ubuntu/airobot_ws/src/ai-robot-chapter3-humble/build/speech_service/build/lib/speech_service
[0.364s] copying speech_service/__init__.py -> /home/ubuntu/airobot_ws/src/ai-robot-chapter3-humble/build/speech_service/build/lib/speech_service
[0.365s] copying speech_service/speech_service.py -> /home/ubuntu/airobot_ws/src/ai-robot-chapter3-humble/build/speech_service/build/lib/speech_service
[0.365s] copying speech_service/synthesis.py -> /home/ubuntu/airobot_ws/src/ai-robot-chapter3-humble/build/speech_service/build/lib/speech_service
[0.365s] copying speech_service/speech_service_mpg123.py -> /home/ubuntu/airobot_ws/src/ai-robot-chapter3-humble/build/speech_service/build/lib/speech_service
[0.365s] copying speech_service/recognition.py -> /home/ubuntu/airobot_ws/src/ai-robot-chapter3-humble/build/speech_service/build/lib/speech_service
[0.365s] copying speech_service/synthesis_mpg123.py -> /home/ubuntu/airobot_ws/src/ai-robot-chapter3-humble/build/speech_service/build/lib/speech_service
[0.365s] running install
[0.365s] running install_lib
[0.365s] creating /home/ubuntu/airobot_ws/src/ai-robot-chapter3-humble/install/speech_service/lib/python3.10/site-packages/speech_service
[0.365s] copying /home/ubuntu/airobot_ws/src/ai-robot-chapter3-humble/build/speech_service/build/lib/speech_service/__init__.py -> /home/ubuntu/airobot_ws/src/ai-robot-chapter3-humble/install/speech_service/lib/python3.10/site-packages/speech_service
[0.365s] copying /home/ubuntu/airobot_ws/src/ai-robot-chapter3-humble/build/speech_service/build/lib/speech_service/speech_service.py -> /home/ubuntu/airobot_ws/src/ai-robot-chapter3-humble/install/speech_service/lib/python3.10/site-packages/speech_service
[0.365s] copying /home/ubuntu/airobot_ws/src/ai-robot-chapter3-humble/build/speech_service/build/lib/speech_service/synthesis.py -> /home/ubuntu/airobot_ws/src/ai-robot-chapter3-humble/install/speech_service/lib/python3.10/site-packages/speech_service
[0.365s] copying /home/ubuntu/airobot_ws/src/ai-robot-chapter3-humble/build/speech_service/build/lib/speech_service/speech_service_mpg123.py -> /home/ubuntu/airobot_ws/src/ai-robot-chapter3-humble/install/speech_service/lib/python3.10/site-packages/speech_service
[0.365s] copying /home/ubuntu/airobot_ws/src/ai-robot-chapter3-humble/build/speech_service/build/lib/speech_service/recognition.py -> /home/ubuntu/airobot_ws/src/ai-robot-chapter3-humble/install/speech_service/lib/python3.10/site-packages/speech_service
[0.365s] copying /home/ubuntu/airobot_ws/src/ai-robot-chapter3-humble/build/speech_service/build/lib/speech_service/synthesis_mpg123.py -> /home/ubuntu/airobot_ws/src/ai-robot-chapter3-humble/install/speech_service/lib/python3.10/site-packages/speech_service
[0.366s] byte-compiling /home/ubuntu/airobot_ws/src/ai-robot-chapter3-humble/install/speech_service/lib/python3.10/site-packages/speech_service/__init__.py to __init__.cpython-310.pyc
[0.366s] byte-compiling /home/ubuntu/airobot_ws/src/ai-robot-chapter3-humble/install/speech_service/lib/python3.10/site-packages/speech_service/speech_service.py to speech_service.cpython-310.pyc
[0.366s] byte-compiling /home/ubuntu/airobot_ws/src/ai-robot-chapter3-humble/install/speech_service/lib/python3.10/site-packages/speech_service/synthesis.py to synthesis.cpython-310.pyc
[0.366s] byte-compiling /home/ubuntu/airobot_ws/src/ai-robot-chapter3-humble/install/speech_service/lib/python3.10/site-packages/speech_service/speech_service_mpg123.py to speech_service_mpg123.cpython-310.pyc
[0.366s] byte-compiling /home/ubuntu/airobot_ws/src/ai-robot-chapter3-humble/install/speech_service/lib/python3.10/site-packages/speech_service/recognition.py to recognition.cpython-310.pyc
[0.367s] byte-compiling /home/ubuntu/airobot_ws/src/ai-robot-chapter3-humble/install/speech_service/lib/python3.10/site-packages/speech_service/synthesis_mpg123.py to synthesis_mpg123.cpython-310.pyc
[0.367s] running install_data
[0.367s] creating /home/ubuntu/airobot_ws/src/ai-robot-chapter3-humble/install/speech_service/share/ament_index
[0.367s] creating /home/ubuntu/airobot_ws/src/ai-robot-chapter3-humble/install/speech_service/share/ament_index/resource_index
[0.367s] creating /home/ubuntu/airobot_ws/src/ai-robot-chapter3-humble/install/speech_service/share/ament_index/resource_index/packages
[0.367s] copying resource/speech_service -> /home/ubuntu/airobot_ws/src/ai-robot-chapter3-humble/install/speech_service/share/ament_index/resource_index/packages
[0.367s] copying package.xml -> /home/ubuntu/airobot_ws/src/ai-robot-chapter3-humble/install/speech_service/share/speech_service
[0.367s] running install_egg_info
[0.368s] Copying ../build/speech_service/speech_service.egg-info to /home/ubuntu/airobot_ws/src/ai-robot-chapter3-humble/install/speech_service/lib/python3.10/site-packages/speech_service-0.0.0-py3.10.egg-info
[0.368s] running install_scripts
[0.378s] Installing recognition script to /home/ubuntu/airobot_ws/src/ai-robot-chapter3-humble/install/speech_service/lib/speech_service
[0.378s] Installing speech_service script to /home/ubuntu/airobot_ws/src/ai-robot-chapter3-humble/install/speech_service/lib/speech_service
[0.379s] Installing speech_service_mpg123 script to /home/ubuntu/airobot_ws/src/ai-robot-chapter3-humble/install/speech_service/lib/speech_service
[0.379s] Installing synthesis script to /home/ubuntu/airobot_ws/src/ai-robot-chapter3-humble/install/speech_service/lib/speech_service
[0.379s] Installing synthesis_mpg123 script to /home/ubuntu/airobot_ws/src/ai-robot-chapter3-humble/install/speech_service/lib/speech_service
[0.379s] writing list of installed files to '/home/ubuntu/airobot_ws/src/ai-robot-chapter3-humble/build/speech_service/install.log'
[0.389s] Invoked command in '/home/ubuntu/airobot_ws/src/ai-robot-chapter3-humble/speech_service' returned '0': PYTHONPATH=/home/ubuntu/airobot_ws/src/ai-robot-chapter3-humble/build/speech_service/prefix_override:/home/ubuntu/airobot_ws/src/ai-robot-chapter3-humble/install/speech_service/lib/python3.10/site-packages:${PYTHONPATH} /usr/bin/python3 -W ignore:setup.py install is deprecated setup.py egg_info --egg-base ../build/speech_service build --build-base /home/ubuntu/airobot_ws/src/ai-robot-chapter3-humble/build/speech_service/build install --record /home/ubuntu/airobot_ws/src/ai-robot-chapter3-humble/build/speech_service/install.log --install-scripts $base/lib/speech_service --single-version-externally-managed install_data
