/home/ubuntu/airobot_ws/src/ai-robot-chapter3-humble/install/speech_service/lib/python3.10/site-packages/speech_service/__init__.py
/home/ubuntu/airobot_ws/src/ai-robot-chapter3-humble/install/speech_service/lib/python3.10/site-packages/speech_service/speech_service.py
/home/ubuntu/airobot_ws/src/ai-robot-chapter3-humble/install/speech_service/lib/python3.10/site-packages/speech_service/synthesis.py
/home/ubuntu/airobot_ws/src/ai-robot-chapter3-humble/install/speech_service/lib/python3.10/site-packages/speech_service/speech_service_mpg123.py
/home/ubuntu/airobot_ws/src/ai-robot-chapter3-humble/install/speech_service/lib/python3.10/site-packages/speech_service/recognition.py
/home/ubuntu/airobot_ws/src/ai-robot-chapter3-humble/install/speech_service/lib/python3.10/site-packages/speech_service/synthesis_mpg123.py
/home/ubuntu/airobot_ws/src/ai-robot-chapter3-humble/install/speech_service/lib/python3.10/site-packages/speech_service/__pycache__/__init__.cpython-310.pyc
/home/ubuntu/airobot_ws/src/ai-robot-chapter3-humble/install/speech_service/lib/python3.10/site-packages/speech_service/__pycache__/speech_service.cpython-310.pyc
/home/ubuntu/airobot_ws/src/ai-robot-chapter3-humble/install/speech_service/lib/python3.10/site-packages/speech_service/__pycache__/synthesis.cpython-310.pyc
/home/ubuntu/airobot_ws/src/ai-robot-chapter3-humble/install/speech_service/lib/python3.10/site-packages/speech_service/__pycache__/speech_service_mpg123.cpython-310.pyc
/home/ubuntu/airobot_ws/src/ai-robot-chapter3-humble/install/speech_service/lib/python3.10/site-packages/speech_service/__pycache__/recognition.cpython-310.pyc
/home/ubuntu/airobot_ws/src/ai-robot-chapter3-humble/install/speech_service/lib/python3.10/site-packages/speech_service/__pycache__/synthesis_mpg123.cpython-310.pyc
/home/ubuntu/airobot_ws/src/ai-robot-chapter3-humble/install/speech_service/share/ament_index/resource_index/packages/speech_service
/home/ubuntu/airobot_ws/src/ai-robot-chapter3-humble/install/speech_service/share/speech_service/package.xml
/home/ubuntu/airobot_ws/src/ai-robot-chapter3-humble/install/speech_service/lib/python3.10/site-packages/speech_service-0.0.0-py3.10.egg-info/PKG-INFO
/home/ubuntu/airobot_ws/src/ai-robot-chapter3-humble/install/speech_service/lib/python3.10/site-packages/speech_service-0.0.0-py3.10.egg-info/requires.txt
/home/ubuntu/airobot_ws/src/ai-robot-chapter3-humble/install/speech_service/lib/python3.10/site-packages/speech_service-0.0.0-py3.10.egg-info/zip-safe
/home/ubuntu/airobot_ws/src/ai-robot-chapter3-humble/install/speech_service/lib/python3.10/site-packages/speech_service-0.0.0-py3.10.egg-info/top_level.txt
/home/ubuntu/airobot_ws/src/ai-robot-chapter3-humble/install/speech_service/lib/python3.10/site-packages/speech_service-0.0.0-py3.10.egg-info/entry_points.txt
/home/ubuntu/airobot_ws/src/ai-robot-chapter3-humble/install/speech_service/lib/python3.10/site-packages/speech_service-0.0.0-py3.10.egg-info/dependency_links.txt
/home/ubuntu/airobot_ws/src/ai-robot-chapter3-humble/install/speech_service/lib/python3.10/site-packages/speech_service-0.0.0-py3.10.egg-info/SOURCES.txt
/home/ubuntu/airobot_ws/src/ai-robot-chapter3-humble/install/speech_service/lib/speech_service/recognition
/home/ubuntu/airobot_ws/src/ai-robot-chapter3-humble/install/speech_service/lib/speech_service/speech_service
/home/ubuntu/airobot_ws/src/ai-robot-chapter3-humble/install/speech_service/lib/speech_service/speech_service_mpg123
/home/ubuntu/airobot_ws/src/ai-robot-chapter3-humble/install/speech_service/lib/speech_service/synthesis
/home/ubuntu/airobot_ws/src/ai-robot-chapter3-humble/install/speech_service/lib/speech_service/synthesis_mpg123
